<?xml version="1.0" encoding="UTF-8"?>
<testsuite xmlns:xsi="http://www.w3.org/2001/XMLSchema-instance" xsi:noNamespaceSchemaLocation="https://maven.apache.org/surefire/maven-surefire-plugin/xsd/surefire-test-report.xsd" name="org.labtest.encrypt.SCryptCredentialHandlerTest" time="1.804" tests="6" errors="0" skipped="0" failures="0">
  <properties>
    <property name="java.specification.version" value="19"/>
    <property name="sun.cpu.isalist" value="amd64"/>
    <property name="sun.jnu.encoding" value="Cp1252"/>
    <property name="java.class.path" value="C:\Users\bigoh\eclipse-workspace\encrypt\target\test-classes;C:\Users\bigoh\eclipse-workspace\encrypt\target\classes;C:\Users\bigoh\.m2\repository\org\junit\jupiter\junit-jupiter-engine\5.9.2\junit-jupiter-engine-5.9.2.jar;C:\Users\bigoh\.m2\repository\org\junit\platform\junit-platform-engine\1.9.2\junit-platform-engine-1.9.2.jar;C:\Users\bigoh\.m2\repository\org\opentest4j\opentest4j\1.2.0\opentest4j-1.2.0.jar;C:\Users\bigoh\.m2\repository\org\junit\platform\junit-platform-commons\1.9.2\junit-platform-commons-1.9.2.jar;C:\Users\bigoh\.m2\repository\org\junit\jupiter\junit-jupiter-api\5.9.2\junit-jupiter-api-5.9.2.jar;C:\Users\bigoh\.m2\repository\org\apiguardian\apiguardian-api\1.1.2\apiguardian-api-1.1.2.jar;C:\Users\bigoh\.m2\repository\org\apache\tomcat\tomcat-catalina\10.1.7\tomcat-catalina-10.1.7.jar;C:\Users\bigoh\.m2\repository\org\apache\tomcat\tomcat-servlet-api\10.1.7\tomcat-servlet-api-10.1.7.jar;C:\Users\bigoh\.m2\repository\org\apache\tomcat\tomcat-jsp-api\10.1.7\tomcat-jsp-api-10.1.7.jar;C:\Users\bigoh\.m2\repository\org\apache\tomcat\tomcat-el-api\10.1.7\tomcat-el-api-10.1.7.jar;C:\Users\bigoh\.m2\repository\org\apache\tomcat\tomcat-juli\10.1.7\tomcat-juli-10.1.7.jar;C:\Users\bigoh\.m2\repository\org\apache\tomcat\tomcat-annotations-api\10.1.7\tomcat-annotations-api-10.1.7.jar;C:\Users\bigoh\.m2\repository\org\apache\tomcat\tomcat-api\10.1.7\tomcat-api-10.1.7.jar;C:\Users\bigoh\.m2\repository\org\apache\tomcat\tomcat-jni\10.1.7\tomcat-jni-10.1.7.jar;C:\Users\bigoh\.m2\repository\org\apache\tomcat\tomcat-coyote\10.1.7\tomcat-coyote-10.1.7.jar;C:\Users\bigoh\.m2\repository\org\apache\tomcat\tomcat-util\10.1.7\tomcat-util-10.1.7.jar;C:\Users\bigoh\.m2\repository\org\apache\tomcat\tomcat-util-scan\10.1.7\tomcat-util-scan-10.1.7.jar;C:\Users\bigoh\.m2\repository\org\apache\tomcat\tomcat-jaspic-api\10.1.7\tomcat-jaspic-api-10.1.7.jar;C:\Users\bigoh\.m2\repository\org\mindrot\jbcrypt\0.4\jbcrypt-0.4.jar;C:\Users\bigoh\.m2\repository\com\lambdaworks\scrypt\1.4.0\scrypt-1.4.0.jar;"/>
    <property name="java.vm.vendor" value="Oracle Corporation"/>
    <property name="sun.arch.data.model" value="64"/>
    <property name="user.variant" value=""/>
    <property name="java.vendor.url" value="https://java.oracle.com/"/>
    <property name="user.timezone" value="Etc/UTC"/>
    <property name="os.name" value="Windows 10"/>
    <property name="java.vm.specification.version" value="19"/>
    <property name="sun.java.launcher" value="SUN_STANDARD"/>
    <property name="user.country" value="FR"/>
    <property name="sun.boot.library.path" value="C:\Program Files\Java\jdk-19\bin"/>
    <property name="sun.java.command" value="C:\Users\bigoh\AppData\Local\Temp\surefire15763932019015884336\surefirebooter5241079846205013994.jar C:\Users\bigoh\AppData\Local\Temp\surefire15763932019015884336 2023-06-26T16-08-36_165-jvmRun1 surefire14272494794855304942tmp surefire_017542920389124813303tmp"/>
    <property name="jdk.debug" value="release"/>
    <property name="surefire.test.class.path" value="C:\Users\bigoh\eclipse-workspace\encrypt\target\test-classes;C:\Users\bigoh\eclipse-workspace\encrypt\target\classes;C:\Users\bigoh\.m2\repository\org\junit\jupiter\junit-jupiter-engine\5.9.2\junit-jupiter-engine-5.9.2.jar;C:\Users\bigoh\.m2\repository\org\junit\platform\junit-platform-engine\1.9.2\junit-platform-engine-1.9.2.jar;C:\Users\bigoh\.m2\repository\org\opentest4j\opentest4j\1.2.0\opentest4j-1.2.0.jar;C:\Users\bigoh\.m2\repository\org\junit\platform\junit-platform-commons\1.9.2\junit-platform-commons-1.9.2.jar;C:\Users\bigoh\.m2\repository\org\junit\jupiter\junit-jupiter-api\5.9.2\junit-jupiter-api-5.9.2.jar;C:\Users\bigoh\.m2\repository\org\apiguardian\apiguardian-api\1.1.2\apiguardian-api-1.1.2.jar;C:\Users\bigoh\.m2\repository\org\apache\tomcat\tomcat-catalina\10.1.7\tomcat-catalina-10.1.7.jar;C:\Users\bigoh\.m2\repository\org\apache\tomcat\tomcat-servlet-api\10.1.7\tomcat-servlet-api-10.1.7.jar;C:\Users\bigoh\.m2\repository\org\apache\tomcat\tomcat-jsp-api\10.1.7\tomcat-jsp-api-10.1.7.jar;C:\Users\bigoh\.m2\repository\org\apache\tomcat\tomcat-el-api\10.1.7\tomcat-el-api-10.1.7.jar;C:\Users\bigoh\.m2\repository\org\apache\tomcat\tomcat-juli\10.1.7\tomcat-juli-10.1.7.jar;C:\Users\bigoh\.m2\repository\org\apache\tomcat\tomcat-annotations-api\10.1.7\tomcat-annotations-api-10.1.7.jar;C:\Users\bigoh\.m2\repository\org\apache\tomcat\tomcat-api\10.1.7\tomcat-api-10.1.7.jar;C:\Users\bigoh\.m2\repository\org\apache\tomcat\tomcat-jni\10.1.7\tomcat-jni-10.1.7.jar;C:\Users\bigoh\.m2\repository\org\apache\tomcat\tomcat-coyote\10.1.7\tomcat-coyote-10.1.7.jar;C:\Users\bigoh\.m2\repository\org\apache\tomcat\tomcat-util\10.1.7\tomcat-util-10.1.7.jar;C:\Users\bigoh\.m2\repository\org\apache\tomcat\tomcat-util-scan\10.1.7\tomcat-util-scan-10.1.7.jar;C:\Users\bigoh\.m2\repository\org\apache\tomcat\tomcat-jaspic-api\10.1.7\tomcat-jaspic-api-10.1.7.jar;C:\Users\bigoh\.m2\repository\org\mindrot\jbcrypt\0.4\jbcrypt-0.4.jar;C:\Users\bigoh\.m2\repository\com\lambdaworks\scrypt\1.4.0\scrypt-1.4.0.jar;"/>
    <property name="sun.cpu.endian" value="little"/>
    <property name="user.home" value="C:\Users\bigoh"/>
    <property name="user.language" value="fr"/>
    <property name="java.specification.vendor" value="Oracle Corporation"/>
    <property name="java.version.date" value="2023-01-17"/>
    <property name="java.home" value="C:\Program Files\Java\jdk-19"/>
    <property name="file.separator" value="\"/>
    <property name="basedir" value="C:\Users\bigoh\eclipse-workspace\encrypt"/>
    <property name="style.color" value="always"/>
    <property name="java.vm.compressedOopsMode" value="32-bit"/>
    <property name="line.separator" value="&#10;"/>
    <property name="java.vm.specification.vendor" value="Oracle Corporation"/>
    <property name="java.specification.name" value="Java Platform API Specification"/>
    <property name="surefire.real.class.path" value="C:\Users\bigoh\AppData\Local\Temp\surefire15763932019015884336\surefirebooter5241079846205013994.jar"/>
    <property name="user.script" value=""/>
    <property name="sun.management.compiler" value="HotSpot 64-Bit Tiered Compilers"/>
    <property name="java.runtime.version" value="19.0.2+7-44"/>
    <property name="user.name" value="bigoh"/>
    <property name="stdout.encoding" value="Cp1252"/>
    <property name="path.separator" value=";"/>
    <property name="os.version" value="10.0"/>
    <property name="java.runtime.name" value="Java(TM) SE Runtime Environment"/>
    <property name="file.encoding" value="UTF-8"/>
    <property name="java.vm.name" value="Java HotSpot(TM) 64-Bit Server VM"/>
    <property name="localRepository" value="C:\Users\bigoh\.m2\repository"/>
    <property name="java.vendor.url.bug" value="https://bugreport.java.com/bugreport/"/>
    <property name="java.io.tmpdir" value="C:\Users\bigoh\AppData\Local\Temp\"/>
    <property name="java.version" value="19.0.2"/>
    <property name="user.dir" value="C:\Users\bigoh\eclipse-workspace\encrypt"/>
    <property name="os.arch" value="amd64"/>
    <property name="java.vm.specification.name" value="Java Virtual Machine Specification"/>
    <property name="sun.os.patch.level" value=""/>
    <property name="native.encoding" value="Cp1252"/>
    <property name="java.library.path" value="C:\Program Files\Java\jdk-19\bin;C:\WINDOWS\Sun\Java\bin;C:\WINDOWS\system32;C:\WINDOWS;C:/eclipse//plugins/org.eclipse.justj.openjdk.hotspot.jre.full.win32.x86_64_17.0.7.v20230425-1502/jre/bin/server;C:/eclipse//plugins/org.eclipse.justj.openjdk.hotspot.jre.full.win32.x86_64_17.0.7.v20230425-1502/jre/bin;C:\Program Files\Common Files\Oracle\Java\javapath;C:\Program Files (x86)\Common Files\Oracle\Java\javapath;C:\Program Files\Java\jdk-11.0.9\bin;C:\Program Files\Java\jdk-15.0.2\bin;C:\Windows\system32;C:\Windows;C:\Windows\System32\Wbem;C:\Windows\System32\WindowsPowerShell\v1.0\;C:\adb;C:\wamp64\bin\php\php7.2.4\;C:\WINDOWS\system32;C:\WINDOWS;C:\WINDOWS\System32\Wbem;C:\WINDOWS\System32\WindowsPowerShell\v1.0\;C:\WINDOWS\System32\OpenSSH\;C:\Program Files\Microsoft SQL Server\Client SDK\ODBC\130\Tools\Binn\;C:\Program Files (x86)\Microsoft SQL Server\130\Tools\Binn\;C:\Program Files\Microsoft SQL Server\130\Tools\Binn\;C:\Program Files\Microsoft SQL Server\130\DTS\Binn\;C:\Program Files (x86)\Microsoft SQL Server\Client SDK\ODBC\130\Tools\Binn\;C:\Program Files (x86)\Microsoft SQL Server\140\Tools\Binn\;C:\Program Files (x86)\Microsoft SQL Server\140\DTS\Binn\;C:\Program Files (x86)\Microsoft SQL Server\140\Tools\Binn\ManagementStudio\;C:\Program Files\Intel\WiFi\bin\;C:\Program Files\Common Files\Intel\WirelessCommon\;C:\Program Files\PuTTY\;C:\Program Files\Git\cmd;C:\Javatools\apache-maven-3.8.6\bin;C:\Program Files (x86)\PuTTY\;C:\Program Files (x86)\HP\IdrsOCR_15.2.10.1114\;C:\wamp64\bin\php\php7.3.21;C:\ProgramData\ComposerSetup\bin;C:\Program Files\nodejs\;C:\Program Files\dotnet\;C:\Program Files (x86)\Google\Cloud SDK\google-cloud-sdk\bin;C:\Program Files\Docker\Docker\resources\bin;C:\Program Files (x86)\Intel\Intel(R) Management Engine Components\DAL;C:\Program Files\Intel\Intel(R) Management Engine Components\DAL;C:\apache-tomcat-10.1.7\bin;C:\Users\bigoh\AppData\Local\Programs\Python\Python39\Scripts\;C:\Users\bigoh\AppData\Local\Programs\Python\Python39\;C:\Users\bigoh\AppData\Local\Programs\Python\Python37\Scripts\;C:\Users\bigoh\AppData\Local\Programs\Python\Python37\;C:\Program Files\Intel\WiFi\bin\;C:\Program Files\Common Files\Intel\WirelessCommon\;C:\Users\bigoh\AppData\Local\Microsoft\WindowsApps;C:\wamp64\bin\php\php7.2.4\;C:\Program Files\Java\jdk1.8.0_181\bin;C:\Users\bigoh\AppData\Local\Programs\Microsoft VS Code\bin;C:\Users\bigoh\AppData\Roaming\Composer\vendor\bin;C:\Users\bigoh\AppData\Roaming\npm;C:\Program Files\JetBrains\IntelliJ IDEA Community Edition 2022.3.1\bin;;C:\eclipse;;."/>
    <property name="java.vm.info" value="mixed mode, sharing"/>
    <property name="stderr.encoding" value="Cp1252"/>
    <property name="java.vendor" value="Oracle Corporation"/>
    <property name="java.vm.version" value="19.0.2+7-44"/>
    <property name="sun.io.unicode.encoding" value="UnicodeLittle"/>
    <property name="java.class.version" value="63.0"/>
  </properties>
  <testcase name="matchesTest" classname="org.labtest.encrypt.SCryptCredentialHandlerTest" time="0.483"/>
  <testcase name="encryptWithMemoryCost" classname="org.labtest.encrypt.SCryptCredentialHandlerTest" time="0.244"/>
  <testcase name="encryptWithCPUCost" classname="org.labtest.encrypt.SCryptCredentialHandlerTest" time="0.07"/>
  <testcase name="mutateTest" classname="org.labtest.encrypt.SCryptCredentialHandlerTest" time="0.38"/>
  <testcase name="encryptWithAllParameters" classname="org.labtest.encrypt.SCryptCredentialHandlerTest" time="0.08"/>
  <testcase name="encryptWithParallelization" classname="org.labtest.encrypt.SCryptCredentialHandlerTest" time="0.544"/>
</testsuite>